<?xml version="1.0" encoding="UTF-8"?>
<!-- Generated by org.testng.reporters.JUnitXMLReporter -->
<testsuite ignored="0" hostname="DESKTOP-PSF9OIV" failures="0" tests="3" name="Default test" time="64.175" errors="0" timestamp="2023-12-23T23:42:09 IST">
  <testcase classname="Practice.Facebook" name="accountLogin" time="16.581"/>
  <testcase classname="Practice.Facebook" name="facebookLogin" time="20.775"/>
  <testcase classname="Practice.Facebook" name="screenShot" time="0.23"/>
</testsuite> <!-- Default test -->
